<?xml version="1.0" encoding="UTF-8"?>
<!-- Generated by org.testng.reporters.JUnitReportReporter -->
<testsuite skipped="0" hostname="DESKTOP-18NOR82" name="tests.LoginPageTest" tests="2" failures="0" timestamp="2021-07-12T18:52:09 IST" time="4.661" errors="0">
  <testcase name="validateLoginPage" time="2.302" classname="tests.LoginPageTest"/>
  <system-out/>
  <testcase name="validateLoginPage" time="2.359" classname="tests.LoginPageTest"/>
  <system-out/>
</testsuite> <!-- tests.LoginPageTest -->
