<?xml version="1.0" encoding="UTF-8"?>
<!-- Generated by org.testng.reporters.JUnitReportReporter -->
<testsuite skipped="0" hostname="DESKTOP-18NOR82" name="tests.HomePageTest" tests="1" failures="0" timestamp="2021-07-12T18:52:09 IST" time="0.137" errors="0">
  <testcase name="homePageValidation" time="0.137" classname="tests.HomePageTest"/>
  <system-out/>
</testsuite> <!-- tests.HomePageTest -->
