<?xml version="1.0" encoding="UTF-8"?>
<!-- Generated by org.testng.reporters.JUnitReportReporter -->
<testsuite skipped="0" hostname="DESKTOP-18NOR82" name="testPages.HomePage" tests="1" failures="0" timestamp="2021-06-27T09:12:39 IST" time="0.019" errors="0">
  <testcase name="homePageValidation" time="0.019" classname="testPages.HomePage"/>
  <system-out/>
</testsuite> <!-- testPages.HomePage -->
